<?xml version="1.0" encoding="UTF-8"?>
<!-- Generated by org.testng.reporters.JUnitReportReporter -->
<testsuite hostname="ashish-VAIO" name="Data_methods" tests="1" failures="0" timestamp="3 Feb 2019 13:43:08 GMT" time="16.752" errors="0">
  <testcase name="Test" time="16.752" classname="Data_methods"/>
</testsuite> <!-- Data_methods -->
