<?xml version="1.0" encoding="UTF-8"?>
<!-- Generated by org.testng.reporters.JUnitReportReporter -->
<testsuite hostname="ashish-VAIO" name="Ashish_tests" tests="1" failures="0" timestamp="25 Dec 2018 07:52:52 GMT" time="0.328" errors="0">
  <testcase name="Ashish_testss" time="0.328" classname="Ashish_tests"/>
</testsuite> <!-- Ashish_tests -->
